android/app/build/intermediates/manifest_merge_blame_file/debug/processDebugMainManifest/manifest-merger-blame-debug-report.txt
1<?xml version="1.0" encoding="utf-8"?>
2<manifest xmlns:android="http://schemas.android.com/apk/res/android"
3    package="com.example.my_flutter_app"
4    android:versionCode="1"
5    android:versionName="1.0.0" >
6
7    <uses-sdk
8        android:minSdkVersion="21"
9        android:targetSdkVersion="34" />
10    <!--
11         The INTERNET permission is required for development. Specifically,
12         the Flutter tool needs it to communicate with the running application
13         to allow setting breakpoints, to provide hot reload, etc.
14    -->
15    <uses-permission android:name="android.permission.INTERNET" />
15-->src/debug/AndroidManifest.xml:6:5-66
15-->src/debug/AndroidManifest.xml:6:22-64
16    <!--
17     Required to query activities that can process text, see:
18         https://developer.android.com/training/package-visibility and
19         https://developer.android.com/reference/android/content/Intent#ACTION_PROCESS_TEXT.
20
21         In particular, this is used by the Flutter engine in io.flutter.plugin.text.ProcessTextPlugin.
22    -->
23    <queries>
23-->src/main/AndroidManifest.xml:49:5-54:15
24        <intent>
24-->src/main/AndroidManifest.xml:50:9-53:18
25            <action android:name="android.intent.action.PROCESS_TEXT" />
25-->src/main/AndroidManifest.xml:51:13-72
25-->src/main/AndroidManifest.xml:51:21-70
26
27            <data android:mimeType="text/plain" />
27-->src/main/AndroidManifest.xml:52:13-50
27-->src/main/AndroidManifest.xml:52:19-48
28        </intent>
29    </queries>
30
31    <uses-permission android:name="android.permission.WRITE_EXTERNAL_STORAGE" />
32    <uses-permission android:name="android.permission.READ_PHONE_STATE" />
33    <uses-permission android:name="android.permission.READ_EXTERNAL_STORAGE" />
34    <uses-permission android:name="android.permission.WAKE_LOCK" />
34-->[:firebase_messaging] AndroidManifest.xml:8:5-68
34-->[:firebase_messaging] AndroidManifest.xml:8:22-65
35    <uses-permission android:name="android.permission.ACCESS_NETWORK_STATE" /> <!-- Permissions options for the `notification` group -->
35-->[:firebase_messaging] AndroidManifest.xml:9:5-79
35-->[:firebase_messaging] AndroidManifest.xml:9:22-76
36    <uses-permission android:name="android.permission.POST_NOTIFICATIONS" /> <!-- Required by older versions of Google Play services to create IID tokens -->
36-->[:firebase_messaging] AndroidManifest.xml:11:5-77
36-->[:firebase_messaging] AndroidManifest.xml:11:22-74
37    <uses-permission android:name="com.google.android.c2dm.permission.RECEIVE" />
37-->[com.google.firebase:firebase-messaging:24.1.1] AndroidManifest.xml:26:5-82
37-->[com.google.firebase:firebase-messaging:24.1.1] AndroidManifest.xml:26:22-79
38    <uses-permission android:name="com.google.android.gms.permission.AD_ID" />
38-->[com.google.android.gms:play-services-measurement-api:22.4.0] AndroidManifest.xml:25:5-79
38-->[com.google.android.gms:play-services-measurement-api:22.4.0] AndroidManifest.xml:25:22-76
39    <uses-permission android:name="android.permission.ACCESS_ADSERVICES_ATTRIBUTION" />
39-->[com.google.android.gms:play-services-measurement-api:22.4.0] AndroidManifest.xml:26:5-88
39-->[com.google.android.gms:play-services-measurement-api:22.4.0] AndroidManifest.xml:26:22-85
40    <uses-permission android:name="android.permission.ACCESS_ADSERVICES_AD_ID" />
40-->[com.google.android.gms:play-services-measurement-api:22.4.0] AndroidManifest.xml:27:5-82
40-->[com.google.android.gms:play-services-measurement-api:22.4.0] AndroidManifest.xml:27:22-79
41    <uses-permission android:name="android.permission.RECEIVE_BOOT_COMPLETED" />
41-->[androidx.work:work-runtime:2.7.1] AndroidManifest.xml:27:5-81
41-->[androidx.work:work-runtime:2.7.1] AndroidManifest.xml:27:22-78
42    <uses-permission android:name="android.permission.FOREGROUND_SERVICE" />
42-->[androidx.work:work-runtime:2.7.1] AndroidManifest.xml:28:5-77
42-->[androidx.work:work-runtime:2.7.1] AndroidManifest.xml:28:22-74
43    <uses-permission android:name="com.google.android.finsky.permission.BIND_GET_INSTALL_REFERRER_SERVICE" />
43-->[com.google.android.gms:play-services-measurement:22.4.0] AndroidManifest.xml:26:5-110
43-->[com.google.android.gms:play-services-measurement:22.4.0] AndroidManifest.xml:26:22-107
44
45    <permission
45-->[androidx.core:core:1.13.0] AndroidManifest.xml:22:5-24:47
46        android:name="com.example.my_flutter_app.DYNAMIC_RECEIVER_NOT_EXPORTED_PERMISSION"
46-->[androidx.core:core:1.13.0] AndroidManifest.xml:23:9-81
47        android:protectionLevel="signature" />
47-->[androidx.core:core:1.13.0] AndroidManifest.xml:24:9-44
48
49    <uses-permission android:name="com.example.my_flutter_app.DYNAMIC_RECEIVER_NOT_EXPORTED_PERMISSION" />
49-->[androidx.core:core:1.13.0] AndroidManifest.xml:26:5-97
49-->[androidx.core:core:1.13.0] AndroidManifest.xml:26:22-94
50
51    <application
51-->src/main/AndroidManifest.xml:2:5-43:19
52        android:name="com.example.my_flutter_app.MyApplication"
52-->src/main/AndroidManifest.xml:4:9-38
53        android:appComponentFactory="androidx.core.app.CoreComponentFactory"
53-->[androidx.core:core:1.13.0] AndroidManifest.xml:28:18-86
54        android:debuggable="true"
55        android:extractNativeLibs="true"
56        android:icon="@mipmap/ic_launcher"
56-->src/main/AndroidManifest.xml:5:9-43
57        android:label="my_flutter_app" >
57-->src/main/AndroidManifest.xml:3:9-39
58        <activity
58-->src/main/AndroidManifest.xml:6:9-27:20
59            android:name="com.example.my_flutter_app.MainActivity"
59-->src/main/AndroidManifest.xml:7:13-41
60            android:configChanges="orientation|keyboardHidden|keyboard|screenSize|smallestScreenSize|locale|layoutDirection|fontScale|screenLayout|density|uiMode"
60-->src/main/AndroidManifest.xml:12:13-163
61            android:exported="true"
61-->src/main/AndroidManifest.xml:8:13-36
62            android:hardwareAccelerated="true"
62-->src/main/AndroidManifest.xml:13:13-47
63            android:launchMode="singleTop"
63-->src/main/AndroidManifest.xml:9:13-43
64            android:taskAffinity=""
64-->src/main/AndroidManifest.xml:10:13-36
65            android:theme="@style/LaunchTheme"
65-->src/main/AndroidManifest.xml:11:13-47
66            android:windowSoftInputMode="adjustResize" >
66-->src/main/AndroidManifest.xml:14:13-55
67
68            <!--
69                 Specifies an Android theme to apply to this Activity as soon as
70                 the Android process has started. This theme is visible to the user
71                 while the Flutter UI initializes. After that, this theme continues
72                 to determine the Window background behind the Flutter UI.
73            -->
74            <meta-data
74-->src/main/AndroidManifest.xml:19:13-22:17
75                android:name="io.flutter.embedding.android.NormalTheme"
75-->src/main/AndroidManifest.xml:20:15-70
76                android:resource="@style/NormalTheme" />
76-->src/main/AndroidManifest.xml:21:15-52
77
78            <intent-filter>
78-->src/main/AndroidManifest.xml:23:13-26:29
79                <action android:name="android.intent.action.MAIN" />
79-->src/main/AndroidManifest.xml:24:17-68
79-->src/main/AndroidManifest.xml:24:25-66
80
81                <category android:name="android.intent.category.LAUNCHER" />
81-->src/main/AndroidManifest.xml:25:17-76
81-->src/main/AndroidManifest.xml:25:27-74
82            </intent-filter>
83        </activity>
84        <!--
85             Don't delete the meta-data below.
86             This is used by the Flutter tool to generate GeneratedPluginRegistrant.java
87        -->
88        <meta-data
88-->src/main/AndroidManifest.xml:30:9-32:33
89            android:name="flutterEmbedding"
89-->src/main/AndroidManifest.xml:31:13-44
90            android:value="2" />
90-->src/main/AndroidManifest.xml:32:13-30
91        <meta-data
91-->src/main/AndroidManifest.xml:33:9-35:48
92            android:name="CLEVERTAP_ACCOUNT_ID"
92-->src/main/AndroidManifest.xml:34:13-48
93            android:value="TEST-468-W87-546Z" />
93-->src/main/AndroidManifest.xml:35:13-46
94        <meta-data
94-->src/main/AndroidManifest.xml:36:9-38:43
95            android:name="CLEVERTAP_TOKEN"
95-->src/main/AndroidManifest.xml:37:13-43
96            android:value="TEST-ab0-b64" />
96-->src/main/AndroidManifest.xml:38:13-41
97        <!-- IMPORTANT: To force use Google AD ID to uniquely identify  users, use the following meta tag. GDPR mandates that if you are using this tag, there is prominent disclousure to your end customer in their application. Read more about GDPR here - https://clevertap.com/blog/in-preparation-of-gdpr-compliance/ -->
98        <meta-data
98-->src/main/AndroidManifest.xml:40:9-42:32
99            android:name="CLEVERTAP_USE_GOOGLE_AD_ID"
99-->src/main/AndroidManifest.xml:41:13-54
100            android:value="0" />
100-->src/main/AndroidManifest.xml:42:13-30
101
102        <service
102-->[:firebase_messaging] AndroidManifest.xml:14:9-17:72
103            android:name="io.flutter.plugins.firebase.messaging.FlutterFirebaseMessagingBackgroundService"
103-->[:firebase_messaging] AndroidManifest.xml:15:13-107
104            android:exported="false"
104-->[:firebase_messaging] AndroidManifest.xml:16:13-37
105            android:permission="android.permission.BIND_JOB_SERVICE" />
105-->[:firebase_messaging] AndroidManifest.xml:17:13-69
106        <service
106-->[:firebase_messaging] AndroidManifest.xml:18:9-24:19
107            android:name="io.flutter.plugins.firebase.messaging.FlutterFirebaseMessagingService"
107-->[:firebase_messaging] AndroidManifest.xml:19:13-97
108            android:exported="false" >
108-->[:firebase_messaging] AndroidManifest.xml:20:13-37
109            <intent-filter>
109-->[:firebase_messaging] AndroidManifest.xml:21:13-23:29
110                <action android:name="com.google.firebase.MESSAGING_EVENT" />
110-->[:firebase_messaging] AndroidManifest.xml:22:17-78
110-->[:firebase_messaging] AndroidManifest.xml:22:25-75
111            </intent-filter>
112        </service>
113
114        <receiver
114-->[:firebase_messaging] AndroidManifest.xml:26:9-33:20
115            android:name="io.flutter.plugins.firebase.messaging.FlutterFirebaseMessagingReceiver"
115-->[:firebase_messaging] AndroidManifest.xml:27:13-98
116            android:exported="true"
116-->[:firebase_messaging] AndroidManifest.xml:28:13-36
117            android:permission="com.google.android.c2dm.permission.SEND" >
117-->[:firebase_messaging] AndroidManifest.xml:29:13-73
118            <intent-filter>
118-->[:firebase_messaging] AndroidManifest.xml:30:13-32:29
119                <action android:name="com.google.android.c2dm.intent.RECEIVE" />
119-->[:firebase_messaging] AndroidManifest.xml:31:17-81
119-->[:firebase_messaging] AndroidManifest.xml:31:25-78
120            </intent-filter>
121        </receiver>
122
123        <service
123-->[:firebase_messaging] AndroidManifest.xml:35:9-39:19
124            android:name="com.google.firebase.components.ComponentDiscoveryService"
124-->[:firebase_messaging] AndroidManifest.xml:35:18-89
125            android:directBootAware="true"
125-->[com.google.firebase:firebase-common:21.0.0] AndroidManifest.xml:32:13-43
126            android:exported="false" >
126-->[com.google.firebase:firebase-messaging:24.1.1] AndroidManifest.xml:56:13-37
127            <meta-data
127-->[:firebase_messaging] AndroidManifest.xml:36:13-38:85
128                android:name="com.google.firebase.components:io.flutter.plugins.firebase.messaging.FlutterFirebaseAppRegistrar"
128-->[:firebase_messaging] AndroidManifest.xml:37:17-128
129                android:value="com.google.firebase.components.ComponentRegistrar" />
129-->[:firebase_messaging] AndroidManifest.xml:38:17-82
130            <meta-data
130-->[:firebase_core] AndroidManifest.xml:9:13-11:85
131                android:name="com.google.firebase.components:io.flutter.plugins.firebase.core.FlutterFirebaseCoreRegistrar"
131-->[:firebase_core] AndroidManifest.xml:10:17-124
132                android:value="com.google.firebase.components.ComponentRegistrar" />
132-->[:firebase_core] AndroidManifest.xml:11:17-82
133            <meta-data
133-->[com.google.firebase:firebase-messaging:24.1.1] AndroidManifest.xml:57:13-59:85
134                android:name="com.google.firebase.components:com.google.firebase.messaging.FirebaseMessagingKtxRegistrar"
134-->[com.google.firebase:firebase-messaging:24.1.1] AndroidManifest.xml:58:17-122
135                android:value="com.google.firebase.components.ComponentRegistrar" />
135-->[com.google.firebase:firebase-messaging:24.1.1] AndroidManifest.xml:59:17-82
136            <meta-data
136-->[com.google.firebase:firebase-messaging:24.1.1] AndroidManifest.xml:60:13-62:85
137                android:name="com.google.firebase.components:com.google.firebase.messaging.FirebaseMessagingRegistrar"
137-->[com.google.firebase:firebase-messaging:24.1.1] AndroidManifest.xml:61:17-119
138                android:value="com.google.firebase.components.ComponentRegistrar" />
138-->[com.google.firebase:firebase-messaging:24.1.1] AndroidManifest.xml:62:17-82
139            <meta-data
139-->[com.google.android.gms:play-services-measurement-api:22.4.0] AndroidManifest.xml:33:13-35:85
140                android:name="com.google.firebase.components:com.google.firebase.analytics.connector.internal.AnalyticsConnectorRegistrar"
140-->[com.google.android.gms:play-services-measurement-api:22.4.0] AndroidManifest.xml:34:17-139
141                android:value="com.google.firebase.components.ComponentRegistrar" />
141-->[com.google.android.gms:play-services-measurement-api:22.4.0] AndroidManifest.xml:35:17-82
142            <meta-data
142-->[com.google.firebase:firebase-installations:18.0.0] AndroidManifest.xml:15:13-17:85
143                android:name="com.google.firebase.components:com.google.firebase.installations.FirebaseInstallationsKtxRegistrar"
143-->[com.google.firebase:firebase-installations:18.0.0] AndroidManifest.xml:16:17-130
144                android:value="com.google.firebase.components.ComponentRegistrar" />
144-->[com.google.firebase:firebase-installations:18.0.0] AndroidManifest.xml:17:17-82
145            <meta-data
145-->[com.google.firebase:firebase-installations:18.0.0] AndroidManifest.xml:18:13-20:85
146                android:name="com.google.firebase.components:com.google.firebase.installations.FirebaseInstallationsRegistrar"
146-->[com.google.firebase:firebase-installations:18.0.0] AndroidManifest.xml:19:17-127
147                android:value="com.google.firebase.components.ComponentRegistrar" />
147-->[com.google.firebase:firebase-installations:18.0.0] AndroidManifest.xml:20:17-82
148            <meta-data
148-->[com.google.firebase:firebase-common-ktx:21.0.0] AndroidManifest.xml:12:13-14:85
149                android:name="com.google.firebase.components:com.google.firebase.ktx.FirebaseCommonLegacyRegistrar"
149-->[com.google.firebase:firebase-common-ktx:21.0.0] AndroidManifest.xml:13:17-116
150                android:value="com.google.firebase.components.ComponentRegistrar" />
150-->[com.google.firebase:firebase-common-ktx:21.0.0] AndroidManifest.xml:14:17-82
151            <meta-data
151-->[com.google.firebase:firebase-common:21.0.0] AndroidManifest.xml:35:13-37:85
152                android:name="com.google.firebase.components:com.google.firebase.FirebaseCommonKtxRegistrar"
152-->[com.google.firebase:firebase-common:21.0.0] AndroidManifest.xml:36:17-109
153                android:value="com.google.firebase.components.ComponentRegistrar" />
153-->[com.google.firebase:firebase-common:21.0.0] AndroidManifest.xml:37:17-82
154            <meta-data
154-->[com.google.firebase:firebase-datatransport:18.2.0] AndroidManifest.xml:25:13-27:85
155                android:name="com.google.firebase.components:com.google.firebase.datatransport.TransportRegistrar"
155-->[com.google.firebase:firebase-datatransport:18.2.0] AndroidManifest.xml:26:17-115
156                android:value="com.google.firebase.components.ComponentRegistrar" />
156-->[com.google.firebase:firebase-datatransport:18.2.0] AndroidManifest.xml:27:17-82
157        </service>
158
159        <provider
159-->[:firebase_messaging] AndroidManifest.xml:41:9-45:38
160            android:name="io.flutter.plugins.firebase.messaging.FlutterFirebaseMessagingInitProvider"
160-->[:firebase_messaging] AndroidManifest.xml:42:13-102
161            android:authorities="com.example.my_flutter_app.flutterfirebasemessaginginitprovider"
161-->[:firebase_messaging] AndroidManifest.xml:43:13-88
162            android:exported="false"
162-->[:firebase_messaging] AndroidManifest.xml:44:13-37
163            android:initOrder="99" />
163-->[:firebase_messaging] AndroidManifest.xml:45:13-35
164
165        <receiver
165-->[com.clevertap.android:push-templates:1.4.0] AndroidManifest.xml:8:9-11:40
166            android:name="com.clevertap.android.pushtemplates.PTPushNotificationReceiver"
166-->[com.clevertap.android:push-templates:1.4.0] AndroidManifest.xml:9:13-90
167            android:enabled="true"
167-->[com.clevertap.android:push-templates:1.4.0] AndroidManifest.xml:10:13-35
168            android:exported="false" />
168-->[com.clevertap.android:push-templates:1.4.0] AndroidManifest.xml:11:13-37
169        <receiver
169-->[com.clevertap.android:push-templates:1.4.0] AndroidManifest.xml:12:9-15:40
170            android:name="com.clevertap.android.pushtemplates.PushTemplateReceiver"
170-->[com.clevertap.android:push-templates:1.4.0] AndroidManifest.xml:13:13-84
171            android:enabled="true"
171-->[com.clevertap.android:push-templates:1.4.0] AndroidManifest.xml:14:13-35
172            android:exported="false" />
172-->[com.clevertap.android:push-templates:1.4.0] AndroidManifest.xml:15:13-37
173        <receiver
173-->[com.google.firebase:firebase-messaging:24.1.1] AndroidManifest.xml:29:9-40:20
174            android:name="com.google.firebase.iid.FirebaseInstanceIdReceiver"
174-->[com.google.firebase:firebase-messaging:24.1.1] AndroidManifest.xml:30:13-78
175            android:exported="true"
175-->[com.google.firebase:firebase-messaging:24.1.1] AndroidManifest.xml:31:13-36
176            android:permission="com.google.android.c2dm.permission.SEND" >
176-->[com.google.firebase:firebase-messaging:24.1.1] AndroidManifest.xml:32:13-73
177            <intent-filter>
177-->[:firebase_messaging] AndroidManifest.xml:30:13-32:29
178                <action android:name="com.google.android.c2dm.intent.RECEIVE" />
178-->[:firebase_messaging] AndroidManifest.xml:31:17-81
178-->[:firebase_messaging] AndroidManifest.xml:31:25-78
179            </intent-filter>
180
181            <meta-data
181-->[com.google.firebase:firebase-messaging:24.1.1] AndroidManifest.xml:37:13-39:40
182                android:name="com.google.android.gms.cloudmessaging.FINISHED_AFTER_HANDLED"
182-->[com.google.firebase:firebase-messaging:24.1.1] AndroidManifest.xml:38:17-92
183                android:value="true" />
183-->[com.google.firebase:firebase-messaging:24.1.1] AndroidManifest.xml:39:17-37
184        </receiver>
185        <!--
186             FirebaseMessagingService performs security checks at runtime,
187             but set to not exported to explicitly avoid allowing another app to call it.
188        -->
189        <service
189-->[com.google.firebase:firebase-messaging:24.1.1] AndroidManifest.xml:46:9-53:19
190            android:name="com.google.firebase.messaging.FirebaseMessagingService"
190-->[com.google.firebase:firebase-messaging:24.1.1] AndroidManifest.xml:47:13-82
191            android:directBootAware="true"
191-->[com.google.firebase:firebase-messaging:24.1.1] AndroidManifest.xml:48:13-43
192            android:exported="false" >
192-->[com.google.firebase:firebase-messaging:24.1.1] AndroidManifest.xml:49:13-37
193            <intent-filter android:priority="-500" >
193-->[:firebase_messaging] AndroidManifest.xml:21:13-23:29
194                <action android:name="com.google.firebase.MESSAGING_EVENT" />
194-->[:firebase_messaging] AndroidManifest.xml:22:17-78
194-->[:firebase_messaging] AndroidManifest.xml:22:25-75
195            </intent-filter>
196        </service>
197
198        <provider
198-->[com.google.firebase:firebase-common:21.0.0] AndroidManifest.xml:23:9-28:39
199            android:name="com.google.firebase.provider.FirebaseInitProvider"
199-->[com.google.firebase:firebase-common:21.0.0] AndroidManifest.xml:24:13-77
200            android:authorities="com.example.my_flutter_app.firebaseinitprovider"
200-->[com.google.firebase:firebase-common:21.0.0] AndroidManifest.xml:25:13-72
201            android:directBootAware="true"
201-->[com.google.firebase:firebase-common:21.0.0] AndroidManifest.xml:26:13-43
202            android:exported="false"
202-->[com.google.firebase:firebase-common:21.0.0] AndroidManifest.xml:27:13-37
203            android:initOrder="100" />
203-->[com.google.firebase:firebase-common:21.0.0] AndroidManifest.xml:28:13-36
204
205        <activity
205-->[com.clevertap.android:clevertap-android-sdk:7.1.2] AndroidManifest.xml:10:9-13:75
206            android:name="com.clevertap.android.sdk.InAppNotificationActivity"
206-->[com.clevertap.android:clevertap-android-sdk:7.1.2] AndroidManifest.xml:11:13-79
207            android:configChanges="keyboardHidden"
207-->[com.clevertap.android:clevertap-android-sdk:7.1.2] AndroidManifest.xml:12:13-51
208            android:theme="@android:style/Theme.Translucent.NoTitleBar" />
208-->[com.clevertap.android:clevertap-android-sdk:7.1.2] AndroidManifest.xml:13:13-72
209        <activity
209-->[com.clevertap.android:clevertap-android-sdk:7.1.2] AndroidManifest.xml:14:9-17:77
210            android:name="com.clevertap.android.sdk.inbox.CTInboxActivity"
210-->[com.clevertap.android:clevertap-android-sdk:7.1.2] AndroidManifest.xml:15:13-75
211            android:configChanges="keyboardHidden"
211-->[com.clevertap.android:clevertap-android-sdk:7.1.2] AndroidManifest.xml:16:13-51
212            android:theme="@style/Theme.AppCompat.DayNight.DarkActionBar" />
212-->[com.clevertap.android:clevertap-android-sdk:7.1.2] AndroidManifest.xml:17:13-74
213
214        <receiver
214-->[com.clevertap.android:clevertap-android-sdk:7.1.2] AndroidManifest.xml:19:9-22:40
215            android:name="com.clevertap.android.sdk.pushnotification.CTPushNotificationReceiver"
215-->[com.clevertap.android:clevertap-android-sdk:7.1.2] AndroidManifest.xml:20:13-97
216            android:enabled="true"
216-->[com.clevertap.android:clevertap-android-sdk:7.1.2] AndroidManifest.xml:21:13-35
217            android:exported="false" />
217-->[com.clevertap.android:clevertap-android-sdk:7.1.2] AndroidManifest.xml:22:13-37
218        <receiver
218-->[com.clevertap.android:clevertap-android-sdk:7.1.2] AndroidManifest.xml:23:9-30:20
219            android:name="com.clevertap.android.sdk.pushnotification.fcm.CTFirebaseMessagingReceiver"
219-->[com.clevertap.android:clevertap-android-sdk:7.1.2] AndroidManifest.xml:24:13-102
220            android:exported="true"
220-->[com.clevertap.android:clevertap-android-sdk:7.1.2] AndroidManifest.xml:25:13-36
221            android:permission="com.google.android.c2dm.permission.SEND" >
221-->[com.clevertap.android:clevertap-android-sdk:7.1.2] AndroidManifest.xml:26:13-73
222            <intent-filter android:priority="-1" >
222-->[:firebase_messaging] AndroidManifest.xml:30:13-32:29
223                <action android:name="com.google.android.c2dm.intent.RECEIVE" />
223-->[:firebase_messaging] AndroidManifest.xml:31:17-81
223-->[:firebase_messaging] AndroidManifest.xml:31:25-78
224            </intent-filter>
225        </receiver>
226
227        <provider
227-->[androidx.work:work-runtime:2.7.1] AndroidManifest.xml:31:9-39:20
228            android:name="androidx.startup.InitializationProvider"
228-->[androidx.work:work-runtime:2.7.1] AndroidManifest.xml:32:13-67
229            android:authorities="com.example.my_flutter_app.androidx-startup"
229-->[androidx.work:work-runtime:2.7.1] AndroidManifest.xml:33:13-68
230            android:exported="false" >
230-->[androidx.work:work-runtime:2.7.1] AndroidManifest.xml:34:13-37
231            <meta-data
231-->[androidx.work:work-runtime:2.7.1] AndroidManifest.xml:36:13-38:52
232                android:name="androidx.work.WorkManagerInitializer"
232-->[androidx.work:work-runtime:2.7.1] AndroidManifest.xml:37:17-68
233                android:value="androidx.startup" />
233-->[androidx.work:work-runtime:2.7.1] AndroidManifest.xml:38:17-49
234            <meta-data
234-->[androidx.emoji2:emoji2:1.3.0] AndroidManifest.xml:29:13-31:52
235                android:name="androidx.emoji2.text.EmojiCompatInitializer"
235-->[androidx.emoji2:emoji2:1.3.0] AndroidManifest.xml:30:17-75
236                android:value="androidx.startup" />
236-->[androidx.emoji2:emoji2:1.3.0] AndroidManifest.xml:31:17-49
237            <meta-data
237-->[androidx.lifecycle:lifecycle-process:2.6.2] AndroidManifest.xml:29:13-31:52
238                android:name="androidx.lifecycle.ProcessLifecycleInitializer"
238-->[androidx.lifecycle:lifecycle-process:2.6.2] AndroidManifest.xml:30:17-78
239                android:value="androidx.startup" />
239-->[androidx.lifecycle:lifecycle-process:2.6.2] AndroidManifest.xml:31:17-49
240            <meta-data
240-->[androidx.profileinstaller:profileinstaller:1.3.1] AndroidManifest.xml:29:13-31:52
241                android:name="androidx.profileinstaller.ProfileInstallerInitializer"
241-->[androidx.profileinstaller:profileinstaller:1.3.1] AndroidManifest.xml:30:17-85
242                android:value="androidx.startup" />
242-->[androidx.profileinstaller:profileinstaller:1.3.1] AndroidManifest.xml:31:17-49
243        </provider>
244
245        <service
245-->[androidx.work:work-runtime:2.7.1] AndroidManifest.xml:41:9-46:35
246            android:name="androidx.work.impl.background.systemalarm.SystemAlarmService"
246-->[androidx.work:work-runtime:2.7.1] AndroidManifest.xml:42:13-88
247            android:directBootAware="false"
247-->[androidx.work:work-runtime:2.7.1] AndroidManifest.xml:43:13-44
248            android:enabled="@bool/enable_system_alarm_service_default"
248-->[androidx.work:work-runtime:2.7.1] AndroidManifest.xml:44:13-72
249            android:exported="false" />
249-->[androidx.work:work-runtime:2.7.1] AndroidManifest.xml:45:13-37
250        <service
250-->[androidx.work:work-runtime:2.7.1] AndroidManifest.xml:47:9-53:35
251            android:name="androidx.work.impl.background.systemjob.SystemJobService"
251-->[androidx.work:work-runtime:2.7.1] AndroidManifest.xml:48:13-84
252            android:directBootAware="false"
252-->[androidx.work:work-runtime:2.7.1] AndroidManifest.xml:49:13-44
253            android:enabled="@bool/enable_system_job_service_default"
253-->[androidx.work:work-runtime:2.7.1] AndroidManifest.xml:50:13-70
254            android:exported="true"
254-->[androidx.work:work-runtime:2.7.1] AndroidManifest.xml:51:13-36
255            android:permission="android.permission.BIND_JOB_SERVICE" />
255-->[androidx.work:work-runtime:2.7.1] AndroidManifest.xml:52:13-69
256        <service
256-->[androidx.work:work-runtime:2.7.1] AndroidManifest.xml:54:9-59:35
257            android:name="androidx.work.impl.foreground.SystemForegroundService"
257-->[androidx.work:work-runtime:2.7.1] AndroidManifest.xml:55:13-81
258            android:directBootAware="false"
258-->[androidx.work:work-runtime:2.7.1] AndroidManifest.xml:56:13-44
259            android:enabled="@bool/enable_system_foreground_service_default"
259-->[androidx.work:work-runtime:2.7.1] AndroidManifest.xml:57:13-77
260            android:exported="false" />
260-->[androidx.work:work-runtime:2.7.1] AndroidManifest.xml:58:13-37
261
262        <receiver
262-->[androidx.work:work-runtime:2.7.1] AndroidManifest.xml:61:9-66:35
263            android:name="androidx.work.impl.utils.ForceStopRunnable$BroadcastReceiver"
263-->[androidx.work:work-runtime:2.7.1] AndroidManifest.xml:62:13-88
264            android:directBootAware="false"
264-->[androidx.work:work-runtime:2.7.1] AndroidManifest.xml:63:13-44
265            android:enabled="true"
265-->[androidx.work:work-runtime:2.7.1] AndroidManifest.xml:64:13-35
266            android:exported="false" />
266-->[androidx.work:work-runtime:2.7.1] AndroidManifest.xml:65:13-37
267        <receiver
267-->[androidx.work:work-runtime:2.7.1] AndroidManifest.xml:67:9-77:20
268            android:name="androidx.work.impl.background.systemalarm.ConstraintProxy$BatteryChargingProxy"
268-->[androidx.work:work-runtime:2.7.1] AndroidManifest.xml:68:13-106
269            android:directBootAware="false"
269-->[androidx.work:work-runtime:2.7.1] AndroidManifest.xml:69:13-44
270            android:enabled="false"
270-->[androidx.work:work-runtime:2.7.1] AndroidManifest.xml:70:13-36
271            android:exported="false" >
271-->[androidx.work:work-runtime:2.7.1] AndroidManifest.xml:71:13-37
272            <intent-filter>
272-->[androidx.work:work-runtime:2.7.1] AndroidManifest.xml:73:13-76:29
273                <action android:name="android.intent.action.ACTION_POWER_CONNECTED" />
273-->[androidx.work:work-runtime:2.7.1] AndroidManifest.xml:74:17-87
273-->[androidx.work:work-runtime:2.7.1] AndroidManifest.xml:74:25-84
274                <action android:name="android.intent.action.ACTION_POWER_DISCONNECTED" />
274-->[androidx.work:work-runtime:2.7.1] AndroidManifest.xml:75:17-90
274-->[androidx.work:work-runtime:2.7.1] AndroidManifest.xml:75:25-87
275            </intent-filter>
276        </receiver>
277        <receiver
277-->[androidx.work:work-runtime:2.7.1] AndroidManifest.xml:78:9-88:20
278            android:name="androidx.work.impl.background.systemalarm.ConstraintProxy$BatteryNotLowProxy"
278-->[androidx.work:work-runtime:2.7.1] AndroidManifest.xml:79:13-104